16:22:02 **** Incremental Build of configuration Debug for project A2_Write_1 ****
make -j4 all 
arm-none-eabi-gcc "../Core/Src/main.c" -mcpu=cortex-m4 -std=gnu11 -g3 -DUSE_HAL_DRIVER -DSTM32F411xE -DDEBUG -c -I../Drivers/CMSIS/Include -I../Drivers/STM32F4xx_HAL_Driver/Inc -I../Core/Inc -I../Drivers/CMSIS/Device/ST/STM32F4xx/Include -I../Drivers/STM32F4xx_HAL_Driver/Inc/Legacy -O0 -ffunction-sections -fdata-sections -Wall -fstack-usage -MMD -MP -MF"Core/Src/main.d" -MT"Core/Src/main.o" --specs=nano.specs -mfpu=fpv4-sp-d16 -mfloat-abi=hard -mthumb -o "Core/Src/main.o"
../Core/Src/main.c: In function 'HAL_UART_RxCpltCallback':
../Core/Src/main.c:242:31: warning: passing argument 2 of 'HAL_UART_Receive_IT' discards 'volatile' qualifier from pointer target type [-Wdiscarded-qualifiers]
  HAL_UART_Receive_IT(&huart1, &received_byte, 1);
                               ^
In file included from ../Core/Inc/stm32f4xx_hal_conf.h:364:0,
                 from ../Drivers/STM32F4xx_HAL_Driver/Inc/stm32f4xx_hal.h:30,
                 from ../Core/Inc/main.h:31,
                 from ../Core/Src/main.c:22:
../Drivers/STM32F4xx_HAL_Driver/Inc/stm32f4xx_hal_uart.h:699:19: note: expected 'uint8_t * {aka unsigned char *}' but argument is of type 'volatile uint8_t * {aka volatile unsigned char *}'
 HAL_StatusTypeDef HAL_UART_Receive_IT(UART_HandleTypeDef *huart, uint8_t *pData, uint16_t Size);
                   ^~~~~~~~~~~~~~~~~~~
../Core/Src/main.c: In function 'main':
../Core/Src/main.c:278:32: warning: passing argument 2 of 'HAL_UART_Receive_IT' discards 'volatile' qualifier from pointer target type [-Wdiscarded-qualifiers]
   HAL_UART_Receive_IT(&huart1, &received_byte, 1);
                                ^
In file included from ../Core/Inc/stm32f4xx_hal_conf.h:364:0,
                 from ../Drivers/STM32F4xx_HAL_Driver/Inc/stm32f4xx_hal.h:30,
                 from ../Core/Inc/main.h:31,
                 from ../Core/Src/main.c:22:
../Drivers/STM32F4xx_HAL_Driver/Inc/stm32f4xx_hal_uart.h:699:19: note: expected 'uint8_t * {aka unsigned char *}' but argument is of type 'volatile uint8_t * {aka volatile unsigned char *}'
 HAL_StatusTypeDef HAL_UART_Receive_IT(UART_HandleTypeDef *huart, uint8_t *pData, uint16_t Size);
                   ^~~~~~~~~~~~~~~~~~~
arm-none-eabi-gcc -o "A2_Write_1.elf" @"objects.list"   -mcpu=cortex-m4 -T"C:\Users\benjr\STM32CubeIDE\workspace_1.3.0\A2_Write_1\STM32F411VETX_FLASH.ld" --specs=nosys.specs -Wl,-Map="A2_Write_1.map" -Wl,--gc-sections -static --specs=nano.specs -mfpu=fpv4-sp-d16 -mfloat-abi=hard -mthumb -Wl,--start-group -lc -lm -Wl,--end-group
Finished building target: A2_Write_1.elf
 
arm-none-eabi-objdump -h -S  A2_Write_1.elf  > "A2_Write_1.list"
arm-none-eabi-objcopy  -O binary  A2_Write_1.elf  "A2_Write_1.bin"
arm-none-eabi-size   A2_Write_1.elf 
   text	   data	    bss	    dec	    hex	filename
  12980	    120	   1680	  14780	   39bc	A2_Write_1.elf
Finished building: default.size.stdout
 
Finished building: A2_Write_1.bin
 
Finished building: A2_Write_1.list
 
16:22:09 **** Incremental Build of configuration Debug for project A2_Write_1 ****
make -j4 all 
arm-none-eabi-size   A2_Write_1.elf 
   text	   data	    bss	    dec	    hex	filename
  12980	    120	   1680	  14780	   39bc	A2_Write_1.elf
Finished building: default.size.stdout
 
16:22:59 **** Incremental Build of configuration Debug for project A2_Write_1 ****
make -j4 all 
arm-none-eabi-size   A2_Write_1.elf 
   text	   data	    bss	    dec	    hex	filename
  12980	    120	   1680	  14780	   39bc	A2_Write_1.elf
Finished building: default.size.stdout
 
16:25:25 **** Incremental Build of configuration Debug for project A2_Write_1 ****
make -j4 all 
arm-none-eabi-gcc "../Core/Src/main.c" -mcpu=cortex-m4 -std=gnu11 -g3 -DUSE_HAL_DRIVER -DSTM32F411xE -DDEBUG -c -I../Drivers/CMSIS/Include -I../Drivers/STM32F4xx_HAL_Driver/Inc -I../Core/Inc -I../Drivers/CMSIS/Device/ST/STM32F4xx/Include -I../Drivers/STM32F4xx_HAL_Driver/Inc/Legacy -O0 -ffunction-sections -fdata-sections -Wall -fstack-usage -MMD -MP -MF"Core/Src/main.d" -MT"Core/Src/main.o" --specs=nano.specs -mfpu=fpv4-sp-d16 -mfloat-abi=hard -mthumb -o "Core/Src/main.o"
../Core/Src/main.c: In function 'HAL_UART_RxCpltCallback':
../Core/Src/main.c:242:31: warning: passing argument 2 of 'HAL_UART_Receive_IT' discards 'volatile' qualifier from pointer target type [-Wdiscarded-qualifiers]
  HAL_UART_Receive_IT(&huart1, &received_byte, 1);
                               ^
In file included from ../Core/Inc/stm32f4xx_hal_conf.h:364:0,
                 from ../Drivers/STM32F4xx_HAL_Driver/Inc/stm32f4xx_hal.h:30,
                 from ../Core/Inc/main.h:31,
                 from ../Core/Src/main.c:22:
../Drivers/STM32F4xx_HAL_Driver/Inc/stm32f4xx_hal_uart.h:699:19: note: expected 'uint8_t * {aka unsigned char *}' but argument is of type 'volatile uint8_t * {aka volatile unsigned char *}'
 HAL_StatusTypeDef HAL_UART_Receive_IT(UART_HandleTypeDef *huart, uint8_t *pData, uint16_t Size);
                   ^~~~~~~~~~~~~~~~~~~
../Core/Src/main.c: In function 'main':
../Core/Src/main.c:278:32: warning: passing argument 2 of 'HAL_UART_Receive_IT' discards 'volatile' qualifier from pointer target type [-Wdiscarded-qualifiers]
   HAL_UART_Receive_IT(&huart1, &received_byte, 1);
                                ^
In file included from ../Core/Inc/stm32f4xx_hal_conf.h:364:0,
                 from ../Drivers/STM32F4xx_HAL_Driver/Inc/stm32f4xx_hal.h:30,
                 from ../Core/Inc/main.h:31,
                 from ../Core/Src/main.c:22:
../Drivers/STM32F4xx_HAL_Driver/Inc/stm32f4xx_hal_uart.h:699:19: note: expected 'uint8_t * {aka unsigned char *}' but argument is of type 'volatile uint8_t * {aka volatile unsigned char *}'
 HAL_StatusTypeDef HAL_UART_Receive_IT(UART_HandleTypeDef *huart, uint8_t *pData, uint16_t Size);
                   ^~~~~~~~~~~~~~~~~~~
arm-none-eabi-gcc -o "A2_Write_1.elf" @"objects.list"   -mcpu=cortex-m4 -T"C:\Users\benjr\STM32CubeIDE\workspace_1.3.0\A2_Write_1\STM32F411VETX_FLASH.ld" --specs=nosys.specs -Wl,-Map="A2_Write_1.map" -Wl,--gc-sections -static --specs=nano.specs -mfpu=fpv4-sp-d16 -mfloat-abi=hard -mthumb -Wl,--start-group -lc -lm -Wl,--end-group
Finished building target: A2_Write_1.elf
 
arm-none-eabi-objdump -h -S  A2_Write_1.elf  > "A2_Write_1.list"
arm-none-eabi-objcopy  -O binary  A2_Write_1.elf  "A2_Write_1.bin"
arm-none-eabi-size   A2_Write_1.elf 
   text	   data	    bss	    dec	    hex	filename
  12980	    120	   1680	  14780	   39bc	A2_Write_1.elf
Finished building: default.size.stdout
 
Finished building: A2_Write_1.bin
Finished building: A2_Write_1.list
 
 
16:26:07 **** Incremental Build of configuration Debug for project A2_Write_1 ****
make -j4 all 
arm-none-eabi-size   A2_Write_1.elf 
   text	   data	    bss	    dec	    hex	filename
  12980	    120	   1680	  14780	   39bc	A2_Write_1.elf
Finished building: default.size.stdout
 
16:30:27 **** Incremental Build of configuration Debug for project A2_Write_1 ****
make -j4 all 
arm-none-eabi-size   A2_Write_1.elf 
   text	   data	    bss	    dec	    hex	filename
  12980	    120	   1680	  14780	   39bc	A2_Write_1.elf
Finished building: default.size.stdout
 
